0 info it worked if it ends with ok
1 verbose cli [ '/usr/local/bin/node',
1 verbose cli   '/Users/terrymartin/.node_modules_global/bin/npm',
1 verbose cli   'start' ]
2 info using npm@2.14.1
3 info using node@v6.0.0
4 verbose stack Error: Failed to parse json
4 verbose stack Unexpected token '\n' at 8:57
4 verbose stack     "start": "nodemon server/index.js --ignore client/""
4 verbose stack                                                         ^
4 verbose stack     at parseError (/Users/terrymartin/.node_modules_global/lib/node_modules/npm/node_modules/read-package-json/read-json.js:379:11)
4 verbose stack     at parseJson (/Users/terrymartin/.node_modules_global/lib/node_modules/npm/node_modules/read-package-json/read-json.js:68:23)
4 verbose stack     at /Users/terrymartin/.node_modules_global/lib/node_modules/npm/node_modules/read-package-json/read-json.js:48:5
4 verbose stack     at tryToString (evalmachine.<anonymous>:449:3)
4 verbose stack     at FSReqWrap.readFileAfterClose [as oncomplete] (evalmachine.<anonymous>:436:12)
5 verbose cwd /Users/terrymartin/Desktop/Farm Site/server
6 error Darwin 15.4.0
7 error argv "/usr/local/bin/node" "/Users/terrymartin/.node_modules_global/bin/npm" "start"
8 error node v6.0.0
9 error npm  v2.14.1
10 error file /Users/terrymartin/Desktop/Farm Site/package.json
11 error code EJSONPARSE
12 error Failed to parse json
12 error Unexpected token '\n' at 8:57
12 error     "start": "nodemon server/index.js --ignore client/""
12 error                                                         ^
13 error File: /Users/terrymartin/Desktop/Farm Site/package.json
14 error Failed to parse package.json data.
14 error package.json must be actual JSON, not just JavaScript.
14 error
14 error This is not a bug in npm.
14 error Tell the package author to fix their package.json file. JSON.parse
15 verbose exit [ 1, true ]
